[05/Feb/2022:09:55:20] (I): WordPress Instance Info:
[05/Feb/2022:09:55:20] (I): Home URL : http://localhost/tico
[05/Feb/2022:09:55:20] (I): Site URL : http://localhost/tico
[05/Feb/2022:09:55:20] (I): WordPress Version : 5.9
[05/Feb/2022:09:55:20] (I): Onboarding Version : 1.1.20
[05/Feb/2022:09:55:20] (I): Multisite : No
[05/Feb/2022:09:55:20] (I): Server Info : Apache/2.4.51 (Win64) OpenSSL/1.1.1l PHP/7.4.25
[05/Feb/2022:09:55:20] (I): PHP Version : 7.4.25
[05/Feb/2022:09:55:20] (I): HTTPS : No
[05/Feb/2022:09:55:20] (I): PHP Max Execution Time : 120
[05/Feb/2022:09:55:20] (I): PHP Max Input Vars : 1000
[05/Feb/2022:09:55:20] (I): Max Upload Size : 41943040
[05/Feb/2022:09:55:20] (I): Plugins:
[05/Feb/2022:09:55:20] (I): [PLUGIN] ضد هرزنامه : v4.2.2 (Automattic)
[05/Feb/2022:09:55:20] (I): [PLUGIN] Cookie Notice &amp; Compliance for GDPR / CCPA : v2.2.1 (Hu-manity.co)
[05/Feb/2022:09:55:20] (I): [PLUGIN] المنتور : v3.5.5 (Elementor.com)
[05/Feb/2022:09:55:20] (I): [PLUGIN] Envira Gallery Lite : v1.8.3.9 (Envira Gallery Team)
[05/Feb/2022:09:55:20] (I): [PLUGIN] XML Sitemaps : v4.1.1 (Auctollo)
[05/Feb/2022:09:55:20] (I): [PLUGIN] Hello Dolly : v1.7.2 (Matt Mullenweg)
[05/Feb/2022:09:55:20] (I): [PLUGIN] HubSpot All-In-One Marketing - Forms, Popups, Live Chat : v8.4.628 (HubSpot)
[05/Feb/2022:09:55:20] (I): [PLUGIN] Gutenberg Blocks and Template Library by Otter : v1.7.4 (ThemeIsle)
[05/Feb/2022:09:55:20] (I): [PLUGIN] Post Duplicator : v2.28 (Metaphor Creations)
[05/Feb/2022:09:55:20] (I): [PLUGIN] Smart Slider 3 : v3.5.1.3 (Nextend)
[05/Feb/2022:09:55:20] (I): [PLUGIN] Templates Patterns Collection : v1.1.20 (ThemeIsle)
[05/Feb/2022:09:55:20] (I): [PLUGIN] UpdraftPlus - Backup/Restore : v1.22.1 (UpdraftPlus.Com, DavidAnderson)
[05/Feb/2022:09:55:20] (I): [PLUGIN] درون‌ریز وردپرس : v0.7 (wordpressdotorg)
[05/Feb/2022:09:55:20] (I): [PLUGIN] Shield Security : v13.0.6 (Shield Security)
[05/Feb/2022:09:55:20] (I): [PLUGIN] WPForms Lite : v1.7.2.1 (WPForms)
[05/Feb/2022:09:55:20] (P): Saving remote XML
[05/Feb/2022:09:55:21] (S): Saved remote XML at path C:\xampp\htdocs\tico/wp-content/uploads/themeisle-demo-import.xml.
[05/Feb/2022:09:55:21] (P): Starting content import...
[05/Feb/2022:09:55:21] (S): Import started.
[05/Feb/2022:09:55:21] (S): Parsing XML file.
[05/Feb/2022:09:55:21] (P): Starting parsing file:C:\xampp\htdocs\tico/wp-content/uploads/themeisle-demo-import.xml
[05/Feb/2022:09:55:21] (P): Using WXR_Parser_SimpleXML...
[05/Feb/2022:09:55:21] (S): Parsed XML
[05/Feb/2022:09:55:21] (P): Processing categories...
[05/Feb/2022:09:55:21] (S): Processed categories.
[05/Feb/2022:09:55:21] (P): Processing tags...
[05/Feb/2022:09:55:21] (S): No tags to process.
[05/Feb/2022:09:55:21] (P): Processing terms...
[05/Feb/2022:09:55:21] (S): Processed terms.
[05/Feb/2022:09:55:21] (P): Processing posts...
[05/Feb/2022:09:55:21] (P): Processing attachment: https://s33834.pcdn.co/blogger-gb/wp-content/uploads/sites/388/2019/11/neve-minimal-blogger-04.jpg...
[05/Feb/2022:09:55:21] (P): Fetching attachment from url: https://s33834.pcdn.co/blogger-gb/wp-content/uploads/sites/388/2019/11/neve-minimal-blogger-04.jpg...
[05/Feb/2022:09:55:23] (S): Fetched remote attachment.
[05/Feb/2022:09:55:23] (P): Inserting attachment...
[05/Feb/2022:09:55:23] (S): Attachment inserted
[05/Feb/2022:09:55:23] (S): Processed attachment.
[05/Feb/2022:09:55:23] (P): Processing attachment: https://s33834.pcdn.co/blogger-gb/wp-content/uploads/sites/388/2019/11/neve-minimal-blogger-03.jpg...
[05/Feb/2022:09:55:23] (P): Fetching attachment from url: https://s33834.pcdn.co/blogger-gb/wp-content/uploads/sites/388/2019/11/neve-minimal-blogger-03.jpg...
[05/Feb/2022:09:55:23] (S): Fetched remote attachment.
[05/Feb/2022:09:55:23] (P): Inserting attachment...
[05/Feb/2022:09:55:23] (S): Attachment inserted
[05/Feb/2022:09:55:23] (S): Processed attachment.
[05/Feb/2022:09:55:23] (P): Processing attachment: https://s33834.pcdn.co/blogger-gb/wp-content/uploads/sites/388/2019/11/neve-minimal-blogger-02.jpg...
[05/Feb/2022:09:55:23] (P): Fetching attachment from url: https://s33834.pcdn.co/blogger-gb/wp-content/uploads/sites/388/2019/11/neve-minimal-blogger-02.jpg...
[05/Feb/2022:09:55:24] (S): Fetched remote attachment.
[05/Feb/2022:09:55:24] (P): Inserting attachment...
[05/Feb/2022:09:55:24] (S): Attachment inserted
[05/Feb/2022:09:55:24] (S): Processed attachment.
[05/Feb/2022:09:55:24] (P): Processing attachment: https://s33834.pcdn.co/blogger-gb/wp-content/uploads/sites/388/2019/11/neve-minimal-blogger-11.jpg...
[05/Feb/2022:09:55:24] (P): Fetching attachment from url: https://s33834.pcdn.co/blogger-gb/wp-content/uploads/sites/388/2019/11/neve-minimal-blogger-11.jpg...
[05/Feb/2022:09:55:25] (S): Fetched remote attachment.
[05/Feb/2022:09:55:25] (P): Inserting attachment...
[05/Feb/2022:09:55:25] (S): Attachment inserted
[05/Feb/2022:09:55:25] (S): Processed attachment.
[05/Feb/2022:09:55:25] (P): Processing attachment: https://s33834.pcdn.co/blogger-gb/wp-content/uploads/sites/388/2019/11/neve-minimal-blogger-12.png...
[05/Feb/2022:09:55:25] (P): Fetching attachment from url: https://s33834.pcdn.co/blogger-gb/wp-content/uploads/sites/388/2019/11/neve-minimal-blogger-12.png...
[05/Feb/2022:09:55:25] (S): Fetched remote attachment.
[05/Feb/2022:09:55:25] (P): Inserting attachment...
[05/Feb/2022:09:55:25] (S): Attachment inserted
[05/Feb/2022:09:55:25] (S): Processed attachment.
[05/Feb/2022:09:55:25] (P): Processing attachment: https://s33834.pcdn.co/blogger-gb/wp-content/uploads/sites/388/2019/11/neve-minimal-blogger-10.jpg...
[05/Feb/2022:09:55:25] (P): Fetching attachment from url: https://s33834.pcdn.co/blogger-gb/wp-content/uploads/sites/388/2019/11/neve-minimal-blogger-10.jpg...
[05/Feb/2022:09:55:26] (S): Fetched remote attachment.
[05/Feb/2022:09:55:26] (P): Inserting attachment...
[05/Feb/2022:09:55:26] (S): Attachment inserted
[05/Feb/2022:09:55:26] (S): Processed attachment.
[05/Feb/2022:09:55:26] (P): Processing attachment: https://s33834.pcdn.co/blogger-gb/wp-content/uploads/sites/388/2019/11/neve-minimal-blogger-01.jpg...
[05/Feb/2022:09:55:26] (P): Fetching attachment from url: https://s33834.pcdn.co/blogger-gb/wp-content/uploads/sites/388/2019/11/neve-minimal-blogger-01.jpg...
[05/Feb/2022:09:55:26] (S): Fetched remote attachment.
[05/Feb/2022:09:55:26] (P): Inserting attachment...
[05/Feb/2022:09:55:26] (S): Attachment inserted
[05/Feb/2022:09:55:26] (S): Processed attachment.
[05/Feb/2022:09:55:26] (P): Processing attachment: https://s33834.pcdn.co/blogger-gb/wp-content/uploads/sites/388/2019/11/neve-minimal-blogger-10-1.jpg...
[05/Feb/2022:09:55:26] (P): Fetching attachment from url: https://s33834.pcdn.co/blogger-gb/wp-content/uploads/sites/388/2019/11/neve-minimal-blogger-10-1.jpg...
[05/Feb/2022:09:55:27] (S): Fetched remote attachment.
[05/Feb/2022:09:55:27] (P): Inserting attachment...
[05/Feb/2022:09:55:27] (S): Attachment inserted
[05/Feb/2022:09:55:27] (S): Processed attachment.
[05/Feb/2022:09:55:27] (P): Processing attachment: https://s33834.pcdn.co/blogger-gb/wp-content/uploads/sites/388/2019/11/neve-minimal-blogger-09.jpg...
[05/Feb/2022:09:55:27] (P): Fetching attachment from url: https://s33834.pcdn.co/blogger-gb/wp-content/uploads/sites/388/2019/11/neve-minimal-blogger-09.jpg...
[05/Feb/2022:09:55:28] (S): Fetched remote attachment.
[05/Feb/2022:09:55:28] (P): Inserting attachment...
[05/Feb/2022:09:55:28] (S): Attachment inserted
[05/Feb/2022:09:55:28] (S): Processed attachment.
[05/Feb/2022:09:55:28] (P): Processing attachment: https://s33834.pcdn.co/blogger-gb/wp-content/uploads/sites/388/2019/11/neve-minimal-blogger-07.jpg...
[05/Feb/2022:09:55:28] (P): Fetching attachment from url: https://s33834.pcdn.co/blogger-gb/wp-content/uploads/sites/388/2019/11/neve-minimal-blogger-07.jpg...
[05/Feb/2022:09:55:29] (S): Fetched remote attachment.
[05/Feb/2022:09:55:29] (P): Inserting attachment...
[05/Feb/2022:09:55:29] (S): Attachment inserted
[05/Feb/2022:09:55:29] (S): Processed attachment.
[05/Feb/2022:09:55:29] (P): Processing attachment: https://s33834.pcdn.co/blogger-gb/wp-content/uploads/sites/388/2019/11/neve-minimal-blogger-05.jpg...
[05/Feb/2022:09:55:29] (P): Fetching attachment from url: https://s33834.pcdn.co/blogger-gb/wp-content/uploads/sites/388/2019/11/neve-minimal-blogger-05.jpg...
[05/Feb/2022:09:55:29] (S): Fetched remote attachment.
[05/Feb/2022:09:55:29] (P): Inserting attachment...
[05/Feb/2022:09:55:29] (S): Attachment inserted
[05/Feb/2022:09:55:29] (S): Processed attachment.
[05/Feb/2022:09:55:29] (P): Processing attachment: https://s33834.pcdn.co/blogger-gb/wp-content/uploads/sites/388/2019/11/neve-minimal-blogger-06.jpg...
[05/Feb/2022:09:55:29] (P): Fetching attachment from url: https://s33834.pcdn.co/blogger-gb/wp-content/uploads/sites/388/2019/11/neve-minimal-blogger-06.jpg...
[05/Feb/2022:09:55:30] (S): Fetched remote attachment.
[05/Feb/2022:09:55:30] (P): Inserting attachment...
[05/Feb/2022:09:55:30] (S): Attachment inserted
[05/Feb/2022:09:55:30] (S): Processed attachment.
[05/Feb/2022:09:55:30] (P): Processing attachment: https://s33834.pcdn.co/blogger-gb/wp-content/uploads/sites/388/2019/11/neve-minimal-blogger-08.jpg...
[05/Feb/2022:09:55:30] (P): Fetching attachment from url: https://s33834.pcdn.co/blogger-gb/wp-content/uploads/sites/388/2019/11/neve-minimal-blogger-08.jpg...
[05/Feb/2022:09:55:31] (S): Fetched remote attachment.
[05/Feb/2022:09:55:31] (P): Inserting attachment...
[05/Feb/2022:09:55:31] (S): Attachment inserted
[05/Feb/2022:09:55:31] (S): Processed attachment.
[05/Feb/2022:09:55:31] (P): Processing attachment: https://s33834.pcdn.co/blogger-gb/wp-content/uploads/sites/388/2020/10/neve-minimal-blogger-11-ogw6v2xhiykjkglcbcath685qobodkmr0r3cplch9s.jpg...
[05/Feb/2022:09:55:31] (P): Fetching attachment from url: https://s33834.pcdn.co/blogger-gb/wp-content/uploads/sites/388/2020/10/neve-minimal-blogger-11-ogw6v2xhiykjkglcbcath685qobodkmr0r3cplch9s.jpg...
[05/Feb/2022:09:55:31] (S): Fetched remote attachment.
[05/Feb/2022:09:55:31] (P): Inserting attachment...
[05/Feb/2022:09:55:31] (S): Attachment inserted
[05/Feb/2022:09:55:32] (S): Processed attachment.
[05/Feb/2022:09:55:32] (P): Processing attachment: https://s33834.pcdn.co/blogger-gb/wp-content/uploads/sites/388/2020/10/neve-minimal-blogger-06-1.jpg...
[05/Feb/2022:09:55:32] (P): Fetching attachment from url: https://s33834.pcdn.co/blogger-gb/wp-content/uploads/sites/388/2020/10/neve-minimal-blogger-06-1.jpg...
[05/Feb/2022:09:55:32] (S): Fetched remote attachment.
[05/Feb/2022:09:55:32] (P): Inserting attachment...
[05/Feb/2022:09:55:32] (S): Attachment inserted
[05/Feb/2022:09:55:32] (S): Processed attachment.
[05/Feb/2022:09:55:32] (P): Processing attachment: https://s33834.pcdn.co/blogger-gb/wp-content/uploads/sites/388/2020/10/neve-minimal-blogger-01-1.jpg...
[05/Feb/2022:09:55:32] (P): Fetching attachment from url: https://s33834.pcdn.co/blogger-gb/wp-content/uploads/sites/388/2020/10/neve-minimal-blogger-01-1.jpg...
[05/Feb/2022:09:55:33] (S): Fetched remote attachment.
[05/Feb/2022:09:55:33] (P): Inserting attachment...
[05/Feb/2022:09:55:33] (S): Attachment inserted
[05/Feb/2022:09:55:33] (S): Processed attachment.
[05/Feb/2022:09:55:33] (P): Processing attachment: https://s33834.pcdn.co/blogger-gb/wp-content/uploads/sites/388/2020/10/neve-minimal-blogger-02-1.jpg...
[05/Feb/2022:09:55:33] (P): Fetching attachment from url: https://s33834.pcdn.co/blogger-gb/wp-content/uploads/sites/388/2020/10/neve-minimal-blogger-02-1.jpg...
[05/Feb/2022:09:55:33] (S): Fetched remote attachment.
[05/Feb/2022:09:55:33] (P): Inserting attachment...
[05/Feb/2022:09:55:33] (S): Attachment inserted
[05/Feb/2022:09:55:33] (S): Processed attachment.
[05/Feb/2022:09:55:33] (P): Processing attachment: https://s33834.pcdn.co/blogger-gb/wp-content/uploads/sites/388/2020/10/neve-minimal-blogger-05-1.jpg...
[05/Feb/2022:09:55:33] (P): Fetching attachment from url: https://s33834.pcdn.co/blogger-gb/wp-content/uploads/sites/388/2020/10/neve-minimal-blogger-05-1.jpg...
[05/Feb/2022:09:55:34] (S): Fetched remote attachment.
[05/Feb/2022:09:55:34] (P): Inserting attachment...
[05/Feb/2022:09:55:34] (S): Attachment inserted
[05/Feb/2022:09:55:34] (S): Processed attachment.
[05/Feb/2022:09:55:34] (P): Processing attachment: https://s33834.pcdn.co/blogger-gb/wp-content/uploads/sites/388/2020/10/neve-minimal-blogger-07-1.jpg...
[05/Feb/2022:09:55:34] (P): Fetching attachment from url: https://s33834.pcdn.co/blogger-gb/wp-content/uploads/sites/388/2020/10/neve-minimal-blogger-07-1.jpg...
[05/Feb/2022:09:55:35] (S): Fetched remote attachment.
[05/Feb/2022:09:55:35] (P): Inserting attachment...
[05/Feb/2022:09:55:35] (S): Attachment inserted
[05/Feb/2022:09:55:35] (S): Processed attachment.
[05/Feb/2022:09:55:35] (P): Processing attachment: https://s33834.pcdn.co/blogger-gb/wp-content/uploads/sites/388/2020/10/neve-minimal-blogger-08-1.jpg...
[05/Feb/2022:09:55:35] (P): Fetching attachment from url: https://s33834.pcdn.co/blogger-gb/wp-content/uploads/sites/388/2020/10/neve-minimal-blogger-08-1.jpg...
[05/Feb/2022:09:55:35] (S): Fetched remote attachment.
[05/Feb/2022:09:55:35] (P): Inserting attachment...
[05/Feb/2022:09:55:35] (S): Attachment inserted
[05/Feb/2022:09:55:35] (S): Processed attachment.
[05/Feb/2022:09:55:35] (P): Inserting page: News .
[05/Feb/2022:09:55:35] (S): Done inserting page: News .
[05/Feb/2022:09:55:35] (P): Inserting page: Home .
[05/Feb/2022:09:55:35] (S): Done inserting page: Home .
[05/Feb/2022:09:55:35] (P): Inserting page: About .
[05/Feb/2022:09:55:35] (S): Done inserting page: About .
[05/Feb/2022:09:55:36] (P): Inserting page: Contact .
[05/Feb/2022:09:55:36] (S): Done inserting page: Contact .
[05/Feb/2022:09:55:36] (P): Processing single menu item ' Contact '...
[05/Feb/2022:09:55:36] (S): Processed single menu item.
[05/Feb/2022:09:55:36] (P): Processing single menu item ' '...
[05/Feb/2022:09:55:36] (S): Processed single menu item.
[05/Feb/2022:09:55:36] (P): Processing single menu item ' Home '...
[05/Feb/2022:09:55:36] (S): Processed single menu item.
[05/Feb/2022:09:55:36] (P): Processing single menu item ' '...
[05/Feb/2022:09:55:36] (S): Processed single menu item.
[05/Feb/2022:09:55:36] (S): بلوک قابل استفاده مجدد Page title already exists.
[05/Feb/2022:09:55:36] (S): CSS سفارشی neve already exists.
[05/Feb/2022:09:55:36] (S): بلوک قابل استفاده مجدد Contact Me already exists.
[05/Feb/2022:09:55:36] (P): Processing attachment: https://s33834.pcdn.co/blogger-gb/wp-content/uploads/sites/388/2020/10/neve-minimal-blogger-10-1.jpg...
[05/Feb/2022:09:55:36] (P): Fetching attachment from url: https://s33834.pcdn.co/blogger-gb/wp-content/uploads/sites/388/2020/10/neve-minimal-blogger-10-1.jpg...
[05/Feb/2022:09:55:37] (S): Fetched remote attachment.
[05/Feb/2022:09:55:37] (P): Inserting attachment...
[05/Feb/2022:09:55:37] (S): Attachment inserted
[05/Feb/2022:09:55:37] (S): Processed attachment.
[05/Feb/2022:09:55:37] (S): Processed posts.
[05/Feb/2022:09:55:37] (P): Cleaning up import with id ...
[05/Feb/2022:09:55:37] (P): Done cleanup. Flushing cache...
[05/Feb/2022:09:55:37] (P): Flushed cache. Removing temporary data..
[05/Feb/2022:09:55:37] (S): Done importing
[05/Feb/2022:09:55:37] (P): Busting elementor cache
[05/Feb/2022:09:55:37] (S): Front page set up with id: 2130.
